<?xml version="1.0" encoding="UTF-8"?>
<!-- Generated by org.testng.reporters.JUnitXMLReporter -->
<testsuite ignored="0" hostname="Geeta" failures="0" tests="4" name="Default test" time="0.073" errors="0" timestamp="2025-11-22T20:53:07 IST">
  <testcase classname="JavaPrograms.RemoveDuplicate" name="removeFromarrayList" time="0.01"/>
  <testcase classname="JavaPrograms.RemoveDuplicate" name="removeUsingSet" time="0.001"/>
  <testcase classname="JavaPrograms.RemoveDuplicate" name="removeUsingSetChar" time="0.001"/>
  <testcase classname="JavaPrograms.RemoveDuplicate" name="removefromArray" time="0.002"/>
</testsuite> <!-- Default test -->
