<?xml version="1.0" encoding="UTF-8"?>
<!-- Generated by org.testng.reporters.JUnitXMLReporter -->
<testsuite ignored="0" hostname="Geeta" failures="1" tests="5" name="test from package" time="1.226" errors="0" timestamp="2025-11-18T13:13:26 IST">
  <testcase classname="test.TC_sampleTest" name="radioMeth1" time="0.307"/>
  <testcase classname="test.TC_sampleTest" name="radioMeth2" time="0.075">
    <skipped/>
  </testcase> <!-- radioMeth2 -->
  <testcase classname="test.TC_sampleTest" name="radioMeth2" time="0.064">
    <skipped/>
  </testcase> <!-- radioMeth2 -->
  <testcase classname="test.TC_sampleTest" name="radioMeth2" time="0.074">
    <failure type="java.lang.AssertionError" message="null">
      <![CDATA[java.lang.AssertionError: null
at test.TC_sampleTest.radioMeth2(TC_sampleTest.java:39)
at java.base/java.util.ArrayList.forEach(ArrayList.java:1597)
... Removed 27 stack frames]]>
    </failure>
  </testcase> <!-- radioMeth2 -->
  <testcase classname="test.TC_sampleTest" name="radioMeth3" time="0.087">
    <skipped/>
  </testcase> <!-- radioMeth3 -->
</testsuite> <!-- test from package -->
