<?xml version="1.0" encoding="UTF-8"?>
<!-- Generated by org.testng.reporters.JUnitXMLReporter -->
<testsuite ignored="0" hostname="Geeta" failures="1" tests="5" name="test the method" time="2.319" errors="0" timestamp="2025-11-11T16:18:08 IST">
  <testcase classname="test.TC_sampleTest" name="radioMeth1" time="0.526"/>
  <testcase classname="test.TC_sampleTest" name="radioMeth2" time="0.154">
    <skipped/>
  </testcase> <!-- radioMeth2 -->
  <testcase classname="test.TC_sampleTest" name="radioMeth2" time="0.177">
    <skipped/>
  </testcase> <!-- radioMeth2 -->
  <testcase classname="test.TC_sampleTest" name="radioMeth2" time="0.166">
    <failure type="java.lang.AssertionError" message="null">
      <![CDATA[java.lang.AssertionError: null
at test.TC_sampleTest.radioMeth2(TC_sampleTest.java:39)
at java.base/java.util.ArrayList.forEach(ArrayList.java:1597)
... Removed 27 stack frames]]>
    </failure>
  </testcase> <!-- radioMeth2 -->
  <testcase classname="test.TC_sampleTest" name="radioMeth3" time="0.124">
    <skipped/>
  </testcase> <!-- radioMeth3 -->
</testsuite> <!-- test the method -->
