<?xml version="1.0" encoding="UTF-8"?>
<testng-results ignored="0" total="4" passed="4" failed="0" skipped="0">
  <reporter-output>
  </reporter-output>
  <suite started-at="2025-11-22T20:53:07 IST" name="Default suite" finished-at="2025-11-22T20:53:07 IST" duration-ms="73">
    <groups>
    </groups>
    <test started-at="2025-11-22T20:53:07 IST" name="Default test" finished-at="2025-11-22T20:53:07 IST" duration-ms="73">
      <class name="JavaPrograms.RemoveDuplicate">
        <test-method signature="removeFromarrayList()[pri:0, instance:JavaPrograms.RemoveDuplicate@1573f9fc]" started-at="2025-11-22T20:53:07 IST" name="removeFromarrayList" finished-at="2025-11-22T20:53:07 IST" duration-ms="10" status="PASS">
          <reporter-output>
          </reporter-output>
        </test-method> <!-- removeFromarrayList -->
        <test-method signature="removeUsingSet()[pri:0, instance:JavaPrograms.RemoveDuplicate@1573f9fc]" started-at="2025-11-22T20:53:07 IST" name="removeUsingSet" finished-at="2025-11-22T20:53:07 IST" duration-ms="1" status="PASS">
          <reporter-output>
          </reporter-output>
        </test-method> <!-- removeUsingSet -->
        <test-method signature="removeUsingSetChar()[pri:0, instance:JavaPrograms.RemoveDuplicate@1573f9fc]" started-at="2025-11-22T20:53:07 IST" name="removeUsingSetChar" finished-at="2025-11-22T20:53:07 IST" duration-ms="1" status="PASS">
          <reporter-output>
          </reporter-output>
        </test-method> <!-- removeUsingSetChar -->
        <test-method signature="removefromArray()[pri:0, instance:JavaPrograms.RemoveDuplicate@1573f9fc]" started-at="2025-11-22T20:53:07 IST" name="removefromArray" finished-at="2025-11-22T20:53:07 IST" duration-ms="2" status="PASS">
          <reporter-output>
          </reporter-output>
        </test-method> <!-- removefromArray -->
      </class> <!-- JavaPrograms.RemoveDuplicate -->
    </test> <!-- Default test -->
  </suite> <!-- Default suite -->
</testng-results>
