<?xml version="1.0" encoding="UTF-8"?>
<!-- Generated by org.testng.reporters.JUnitReportReporter -->
<testsuite hostname="Geeta" failures="0" tests="3" name="JavaPrograms.Swap" time="0.012" errors="0" timestamp="2025-11-22T16:52:57 IST" skipped="0">
  <testcase classname="JavaPrograms.Swap" name="swapString" time="0.009"/>
  <testcase classname="JavaPrograms.Swap" name="withoutTemp" time="0.002"/>
  <testcase classname="JavaPrograms.Swap" name="withTempVar" time="0.001"/>
</testsuite> <!-- JavaPrograms.Swap -->
