<?xml version="1.0" encoding="UTF-8"?>
<!-- Generated by org.testng.reporters.JUnitReportReporter -->
<testsuite hostname="Geeta" failures="0" tests="4" name="JavaPrograms.RemoveDuplicate" time="0.014" errors="0" timestamp="2025-11-22T20:53:07 IST" skipped="0">
  <testcase classname="JavaPrograms.RemoveDuplicate" name="removefromArray" time="0.002"/>
  <testcase classname="JavaPrograms.RemoveDuplicate" name="removeUsingSet" time="0.001"/>
  <testcase classname="JavaPrograms.RemoveDuplicate" name="removeUsingSetChar" time="0.001"/>
  <testcase classname="JavaPrograms.RemoveDuplicate" name="removeFromarrayList" time="0.010"/>
</testsuite> <!-- JavaPrograms.RemoveDuplicate -->
