<?xml version="1.0" encoding="UTF-8"?>
<!-- Generated by org.testng.reporters.JUnitReportReporter -->
<testsuite hostname="Geeta" failures="0" tests="3" name="JavaPrograms.PrintStringFromList" time="0.015" errors="0" timestamp="2025-11-22T11:31:08 IST" skipped="0">
  <testcase classname="JavaPrograms.PrintStringFromList" name="printStartsWithNumb" time="0.002"/>
  <testcase classname="JavaPrograms.PrintStringFromList" name="printEndsWithLastDigit" time="0.002"/>
  <testcase classname="JavaPrograms.PrintStringFromList" name="printContainsNumb" time="0.011"/>
</testsuite> <!-- JavaPrograms.PrintStringFromList -->
