<?xml version="1.0" encoding="UTF-8"?>
<!-- Generated by org.testng.reporters.JUnitReportReporter -->
<testsuite hostname="Geeta" failures="0" tests="3" name="JavaPrograms.ReverseString" time="0.013" errors="0" timestamp="2025-11-22T12:21:45 IST" skipped="0">
  <testcase classname="JavaPrograms.ReverseString" name="revSentence" time="0.002"/>
  <testcase classname="JavaPrograms.ReverseString" name="revSingle" time="0.001"/>
  <testcase classname="JavaPrograms.ReverseString" name="revAllFromList" time="0.010"/>
</testsuite> <!-- JavaPrograms.ReverseString -->
