<?xml version="1.0" encoding="UTF-8"?>
<!-- Generated by org.testng.reporters.JUnitReportReporter -->
<testsuite hostname="Geeta" failures="0" tests="3" name="JavaPrograms.AddNoFromString" time="0.019" errors="0" timestamp="2025-11-22T19:35:49 IST" skipped="0">
  <testcase classname="JavaPrograms.AddNoFromString" name="addWithouUsingIsDigit" time="0.003"/>
  <testcase classname="JavaPrograms.AddNoFromString" name="removeDigit" time="0.004"/>
  <testcase classname="JavaPrograms.AddNoFromString" name="addUsingIsDigit" time="0.012"/>
</testsuite> <!-- JavaPrograms.AddNoFromString -->
